<?xml version="1.0" encoding="UTF-8"?>
<!-- Generated by org.testng.reporters.JUnitReportReporter -->
<testsuite skipped="0" hostname="NOC-DEV" name="bwi.prog1D.WS1617.wi16b002_Galanxhi.ExerciseSheet03.tests.BMITest" tests="16" failures="0" timestamp="1 Nov 2016 16:07:02 GMT" time="0.068" errors="0">
  <testcase name="testMain" time="0.002" classname="bwi.prog1D.WS1617.wi16b002_Galanxhi.ExerciseSheet03.tests.BMITest"/>
  <testcase name="testMain" time="0.003" classname="bwi.prog1D.WS1617.wi16b002_Galanxhi.ExerciseSheet03.tests.BMITest"/>
  <testcase name="testMain" time="0.025" classname="bwi.prog1D.WS1617.wi16b002_Galanxhi.ExerciseSheet03.tests.BMITest"/>
  <testcase name="testMain" time="0.003" classname="bwi.prog1D.WS1617.wi16b002_Galanxhi.ExerciseSheet03.tests.BMITest"/>
  <testcase name="testMain" time="0.006" classname="bwi.prog1D.WS1617.wi16b002_Galanxhi.ExerciseSheet03.tests.BMITest"/>
  <testcase name="testMain" time="0.003" classname="bwi.prog1D.WS1617.wi16b002_Galanxhi.ExerciseSheet03.tests.BMITest"/>
  <testcase name="testMain" time="0.003" classname="bwi.prog1D.WS1617.wi16b002_Galanxhi.ExerciseSheet03.tests.BMITest"/>
  <testcase name="testMain" time="0.002" classname="bwi.prog1D.WS1617.wi16b002_Galanxhi.ExerciseSheet03.tests.BMITest"/>
  <testcase name="testMain" time="0.002" classname="bwi.prog1D.WS1617.wi16b002_Galanxhi.ExerciseSheet03.tests.BMITest"/>
  <testcase name="testMain" time="0.002" classname="bwi.prog1D.WS1617.wi16b002_Galanxhi.ExerciseSheet03.tests.BMITest"/>
  <testcase name="testMain" time="0.003" classname="bwi.prog1D.WS1617.wi16b002_Galanxhi.ExerciseSheet03.tests.BMITest"/>
  <testcase name="testMain" time="0.002" classname="bwi.prog1D.WS1617.wi16b002_Galanxhi.ExerciseSheet03.tests.BMITest"/>
  <testcase name="testMain" time="0.003" classname="bwi.prog1D.WS1617.wi16b002_Galanxhi.ExerciseSheet03.tests.BMITest"/>
  <testcase name="testMain" time="0.003" classname="bwi.prog1D.WS1617.wi16b002_Galanxhi.ExerciseSheet03.tests.BMITest"/>
  <testcase name="testMain" time="0.003" classname="bwi.prog1D.WS1617.wi16b002_Galanxhi.ExerciseSheet03.tests.BMITest"/>
  <testcase name="testMain" time="0.003" classname="bwi.prog1D.WS1617.wi16b002_Galanxhi.ExerciseSheet03.tests.BMITest"/>
</testsuite> <!-- bwi.prog1D.WS1617.wi16b002_Galanxhi.ExerciseSheet03.tests.BMITest -->
