<?xml version="1.0" encoding="UTF-8"?>
<!-- Generated by org.testng.reporters.JUnitReportReporter -->
<testsuite skipped="0" hostname="NOC-DEV" name="bwi.prog1D.WS1617.wi16b002_Galanxhi.ExerciseSheet03.tests.StudentIDTest" tests="4" failures="0" timestamp="1 Nov 2016 17:25:10 GMT" time="0.026" errors="0">
  <testcase name="testMain" time="0.002" classname="bwi.prog1D.WS1617.wi16b002_Galanxhi.ExerciseSheet03.tests.StudentIDTest"/>
  <testcase name="testMain" time="0.002" classname="bwi.prog1D.WS1617.wi16b002_Galanxhi.ExerciseSheet03.tests.StudentIDTest"/>
  <testcase name="testMain" time="0.002" classname="bwi.prog1D.WS1617.wi16b002_Galanxhi.ExerciseSheet03.tests.StudentIDTest"/>
  <testcase name="testMain" time="0.020" classname="bwi.prog1D.WS1617.wi16b002_Galanxhi.ExerciseSheet03.tests.StudentIDTest"/>
</testsuite> <!-- bwi.prog1D.WS1617.wi16b002_Galanxhi.ExerciseSheet03.tests.StudentIDTest -->
