<?xml version="1.0" encoding="UTF-8"?>
<!-- Generated by org.testng.reporters.JUnitReportReporter -->
<testsuite skipped="0" hostname="NOC-DEV" name="bwi.prog1D.WS1617.wi16b002_Galanxhi.ExerciseSheet03.tests.WeekdaysTest" tests="23" failures="0" timestamp="1 Nov 2016 18:51:55 GMT" time="0.064" errors="0">
  <testcase name="testMain" time="0.002" classname="bwi.prog1D.WS1617.wi16b002_Galanxhi.ExerciseSheet03.tests.WeekdaysTest"/>
  <testcase name="testMain" time="0.002" classname="bwi.prog1D.WS1617.wi16b002_Galanxhi.ExerciseSheet03.tests.WeekdaysTest"/>
  <testcase name="testMain" time="0.002" classname="bwi.prog1D.WS1617.wi16b002_Galanxhi.ExerciseSheet03.tests.WeekdaysTest"/>
  <testcase name="testMain" time="0.003" classname="bwi.prog1D.WS1617.wi16b002_Galanxhi.ExerciseSheet03.tests.WeekdaysTest"/>
  <testcase name="testMain" time="0.002" classname="bwi.prog1D.WS1617.wi16b002_Galanxhi.ExerciseSheet03.tests.WeekdaysTest"/>
  <testcase name="testMain" time="0.002" classname="bwi.prog1D.WS1617.wi16b002_Galanxhi.ExerciseSheet03.tests.WeekdaysTest"/>
  <testcase name="testMain" time="0.002" classname="bwi.prog1D.WS1617.wi16b002_Galanxhi.ExerciseSheet03.tests.WeekdaysTest"/>
  <testcase name="testMain" time="0.002" classname="bwi.prog1D.WS1617.wi16b002_Galanxhi.ExerciseSheet03.tests.WeekdaysTest"/>
  <testcase name="testMain" time="0.002" classname="bwi.prog1D.WS1617.wi16b002_Galanxhi.ExerciseSheet03.tests.WeekdaysTest"/>
  <testcase name="testMain" time="0.002" classname="bwi.prog1D.WS1617.wi16b002_Galanxhi.ExerciseSheet03.tests.WeekdaysTest"/>
  <testcase name="testMain" time="0.021" classname="bwi.prog1D.WS1617.wi16b002_Galanxhi.ExerciseSheet03.tests.WeekdaysTest"/>
  <testcase name="testMain" time="0.003" classname="bwi.prog1D.WS1617.wi16b002_Galanxhi.ExerciseSheet03.tests.WeekdaysTest"/>
  <testcase name="testMain" time="0.002" classname="bwi.prog1D.WS1617.wi16b002_Galanxhi.ExerciseSheet03.tests.WeekdaysTest"/>
  <testcase name="testMain" time="0.001" classname="bwi.prog1D.WS1617.wi16b002_Galanxhi.ExerciseSheet03.tests.WeekdaysTest"/>
  <testcase name="testMain" time="0.002" classname="bwi.prog1D.WS1617.wi16b002_Galanxhi.ExerciseSheet03.tests.WeekdaysTest"/>
  <testcase name="testMain" time="0.001" classname="bwi.prog1D.WS1617.wi16b002_Galanxhi.ExerciseSheet03.tests.WeekdaysTest"/>
  <testcase name="testMain" time="0.001" classname="bwi.prog1D.WS1617.wi16b002_Galanxhi.ExerciseSheet03.tests.WeekdaysTest"/>
  <testcase name="testMain" time="0.002" classname="bwi.prog1D.WS1617.wi16b002_Galanxhi.ExerciseSheet03.tests.WeekdaysTest"/>
  <testcase name="testMain" time="0.002" classname="bwi.prog1D.WS1617.wi16b002_Galanxhi.ExerciseSheet03.tests.WeekdaysTest"/>
  <testcase name="testMain" time="0.002" classname="bwi.prog1D.WS1617.wi16b002_Galanxhi.ExerciseSheet03.tests.WeekdaysTest"/>
  <testcase name="testMain" time="0.001" classname="bwi.prog1D.WS1617.wi16b002_Galanxhi.ExerciseSheet03.tests.WeekdaysTest"/>
  <testcase name="testMain" time="0.002" classname="bwi.prog1D.WS1617.wi16b002_Galanxhi.ExerciseSheet03.tests.WeekdaysTest"/>
  <testcase name="testMain" time="0.003" classname="bwi.prog1D.WS1617.wi16b002_Galanxhi.ExerciseSheet03.tests.WeekdaysTest"/>
</testsuite> <!-- bwi.prog1D.WS1617.wi16b002_Galanxhi.ExerciseSheet03.tests.WeekdaysTest -->
