<?xml version="1.0" encoding="UTF-8"?>
<!-- Generated by org.testng.reporters.JUnitReportReporter -->
<testsuite skipped="0" hostname="NOC-DEV" name="bwi.prog1D.WS1617.wi16b002_Galanxhi.ExerciseSheet04.tests.ReadArrayTest" tests="3" failures="0" timestamp="13 Nov 2016 19:46:27 GMT" time="0.026" errors="0">
  <testcase name="testMain" time="0.002" classname="bwi.prog1D.WS1617.wi16b002_Galanxhi.ExerciseSheet04.tests.ReadArrayTest"/>
  <testcase name="testMain" time="0.002" classname="bwi.prog1D.WS1617.wi16b002_Galanxhi.ExerciseSheet04.tests.ReadArrayTest"/>
  <testcase name="testMain" time="0.022" classname="bwi.prog1D.WS1617.wi16b002_Galanxhi.ExerciseSheet04.tests.ReadArrayTest"/>
</testsuite> <!-- bwi.prog1D.WS1617.wi16b002_Galanxhi.ExerciseSheet04.tests.ReadArrayTest -->
