<?xml version="1.0" encoding="UTF-8"?>
<!-- Generated by org.testng.reporters.JUnitReportReporter -->
<testsuite skipped="0" hostname="NOC-DEV" name="bwi.prog1D.WS1617.wi16b002_Galanxhi.ExerciseSheet00.tests.HelloWorldTest" tests="1" failures="0" timestamp="1 Nov 2016 15:33:13 GMT" time="0.035" errors="0">
  <testcase name="testMain" time="0.035" classname="bwi.prog1D.WS1617.wi16b002_Galanxhi.ExerciseSheet00.tests.HelloWorldTest"/>
</testsuite> <!-- bwi.prog1D.WS1617.wi16b002_Galanxhi.ExerciseSheet00.tests.HelloWorldTest -->
