<?xml version="1.0" encoding="UTF-8"?>
<!-- Generated by org.testng.reporters.JUnitReportReporter -->
<testsuite skipped="0" hostname="NOC-DEV" name="bwi.prog1D.WS1617.wi16b002_Galanxhi.LabWork01.tests.LendItemArrayListTest" tests="1" failures="0" timestamp="20 Dec 2016 23:42:51 GMT" time="0.026" errors="0">
  <testcase name="LendItemArrayList" time="0.026" classname="bwi.prog1D.WS1617.wi16b002_Galanxhi.LabWork01.tests.LendItemArrayListTest"/>
</testsuite> <!-- bwi.prog1D.WS1617.wi16b002_Galanxhi.LabWork01.tests.LendItemArrayListTest -->
