<?xml version="1.0" encoding="UTF-8"?>
<!-- Generated by org.testng.reporters.JUnitReportReporter -->
<testsuite skipped="0" hostname="NOC-DEV" name="bwi.prog1D.WS1617.wi16b002_Galanxhi.ExerciseSheet05.tests.DateTest" tests="1" failures="0" timestamp="20 Dec 2016 20:18:06 GMT" time="0.031" errors="0">
  <testcase name="Date" time="0.031" classname="bwi.prog1D.WS1617.wi16b002_Galanxhi.ExerciseSheet05.tests.DateTest"/>
</testsuite> <!-- bwi.prog1D.WS1617.wi16b002_Galanxhi.ExerciseSheet05.tests.DateTest -->
