<?xml version="1.0" encoding="UTF-8"?>
<!-- Generated by org.testng.reporters.JUnitReportReporter -->
<testsuite skipped="0" hostname="NOC-DEV" name="bwi.prog1D.WS1617.wi16b002_Galanxhi.LabWork01.tests.LendItemArrayListTest" tests="1" failures="0" timestamp="21 Dec 2016 00:10:34 GMT" time="0.030" errors="0">
  <testcase name="LendItemArrayList" time="0.030" classname="bwi.prog1D.WS1617.wi16b002_Galanxhi.LabWork01.tests.LendItemArrayListTest"/>
</testsuite> <!-- bwi.prog1D.WS1617.wi16b002_Galanxhi.LabWork01.tests.LendItemArrayListTest -->
