<?xml version="1.0" encoding="UTF-8"?>
<!-- Generated by org.testng.reporters.JUnitReportReporter -->
<testsuite skipped="0" hostname="NOC-DEV" name="bwi.prog1D.WS1617.wi16b002_Galanxhi.ExerciseSheet05.tests.LendItemTest" tests="1" failures="0" timestamp="21 Dec 2016 02:04:07 GMT" time="0.029" errors="0">
  <testcase name="LendItem" time="0.029" classname="bwi.prog1D.WS1617.wi16b002_Galanxhi.ExerciseSheet05.tests.LendItemTest"/>
</testsuite> <!-- bwi.prog1D.WS1617.wi16b002_Galanxhi.ExerciseSheet05.tests.LendItemTest -->
