<?xml version="1.0" encoding="UTF-8"?>
<!-- Generated by org.testng.reporters.JUnitReportReporter -->
<testsuite hostname="NOC-Devil" name="bwi.prog1D.WS1617.wi16b002_Galanxhi.ExerciseSheet01.tests.TimeCalculatorTest" tests="5" failures="0" timestamp="20 Sep 2016 19:07:35 GMT" time="0.020" errors="0">
  <testcase name="testMain" time="0.002" classname="bwi.prog1D.WS1617.wi16b002_Galanxhi.ExerciseSheet01.tests.TimeCalculatorTest"/>
  <testcase name="testMain" time="0.001" classname="bwi.prog1D.WS1617.wi16b002_Galanxhi.ExerciseSheet01.tests.TimeCalculatorTest"/>
  <testcase name="testMain" time="0.002" classname="bwi.prog1D.WS1617.wi16b002_Galanxhi.ExerciseSheet01.tests.TimeCalculatorTest"/>
  <testcase name="testMain" time="0.002" classname="bwi.prog1D.WS1617.wi16b002_Galanxhi.ExerciseSheet01.tests.TimeCalculatorTest"/>
  <testcase name="testMain" time="0.013" classname="bwi.prog1D.WS1617.wi16b002_Galanxhi.ExerciseSheet01.tests.TimeCalculatorTest"/>
</testsuite> <!-- bwi.prog1D.WS1617.wi16b002_Galanxhi.ExerciseSheet01.tests.TimeCalculatorTest -->
